#
# There is insufficient memory for the Java Runtime Environment to continue.
# Native memory allocation (malloc) failed to allocate 32744 bytes. Error detail: ChunkPool::allocate
# Possible reasons:
#   The system is out of physical RAM or swap space
#   This process is running with CompressedOops enabled, and the Java Heap may be blocking the growth of the native heap
# Possible solutions:
#   Reduce memory load on the system
#   Increase physical memory or swap space
#   Check if swap backing store is full
#   Decrease Java heap size (-Xmx/-Xms)
#   Decrease number of Java threads
#   Decrease Java thread stack sizes (-Xss)
#   Set larger code cache with -XX:ReservedCodeCacheSize=
#   JVM is running with Unscaled Compressed Oops mode in which the Java heap is
#     placed in the first 4GB address space. The Java Heap base address is the
#     maximum limit for the native heap growth. Please use -XX:HeapBaseMinAddress
#     to set the Java Heap base and to place the Java Heap above 4GB virtual address.
# This output file may be truncated or incomplete.
#
#  Out of Memory Error (arena.cpp:79), pid=20324, tid=20300
#
# JRE version: OpenJDK Runtime Environment Temurin-17.0.12+7 (17.0.12+7) (build 17.0.12+7)
# Java VM: OpenJDK 64-Bit Server VM Temurin-17.0.12+7 (17.0.12+7, mixed mode, tiered, compressed oops, compressed class ptrs, parallel gc, windows-amd64)
# No core dump will be written. Minidumps are not enabled by default on client versions of Windows
#

---------------  S U M M A R Y ------------

Command Line: --add-modules=ALL-SYSTEM --add-opens=java.base/java.util=ALL-UNNAMED --add-opens=java.base/java.lang=ALL-UNNAMED --add-opens=java.base/sun.nio.fs=ALL-UNNAMED -Declipse.application=org.eclipse.jdt.ls.core.id1 -Dosgi.bundles.defaultStartLevel=4 -Declipse.product=org.eclipse.jdt.ls.core.product -Djava.import.generatesMetadataFilesAtProjectRoot=false -DDetectVMInstallationsJob.disabled=true -Dfile.encoding=utf8 -XX:+UseParallelGC -XX:GCTimeRatio=4 -XX:AdaptiveSizePolicyWeight=90 -Dsun.zip.disableMemoryMapping=true -Xmx1G -Xms100m -Xlog:disable -javaagent:c:\Users\admin\.vscode\extensions\redhat.java-1.34.0-win32-x64\lombok\lombok-1.18.33.jar -XX:+HeapDumpOnOutOfMemoryError -XX:HeapDumpPath=c:\Users\admin\AppData\Roaming\Code\User\workspaceStorage\8b1a89710445be1da1d3efafaa3dbf30\redhat.java -Daether.dependencyCollector.impl=bf c:\Users\admin\.vscode\extensions\redhat.java-1.34.0-win32-x64\server\plugins\org.eclipse.equinox.launcher_1.6.900.v20240613-2009.jar -configuration c:\Users\admin\AppData\Roaming\Code\User\globalStorage\redhat.java\1.34.0\config_win -data c:\Users\admin\AppData\Roaming\Code\User\workspaceStorage\8b1a89710445be1da1d3efafaa3dbf30\redhat.java\jdt_ws --pipe=\\.\pipe\lsp-8734e94be525882da248c44ea67dc430-sock

Host: 11th Gen Intel(R) Core(TM) i5-1135G7 @ 2.40GHz, 8 cores, 7G,  Windows 11 , 64 bit Build 22621 (10.0.22621.3958)
Time: Fri Sep 20 22:32:44 2024 SE Asia Standard Time elapsed time: 6266.100962 seconds (0d 1h 44m 26s)

---------------  T H R E A D  ---------------

Current thread (0x000002be7f905e70):  JavaThread "C2 CompilerThread0" daemon [_thread_in_native, id=20300, stack(0x000000c91a300000,0x000000c91a400000)]


Current CompileTask:
C2:6266101 16318       4       org.eclipse.jdt.internal.compiler.lookup.PackageBinding::getTypeOrPackage (368 bytes)

Stack: [0x000000c91a300000,0x000000c91a400000]
Native frames: (J=compiled Java code, j=interpreted, Vv=VM code, C=native code)
V  [jvm.dll+0x67f929]
V  [jvm.dll+0x8371ba]
V  [jvm.dll+0x838c7e]
V  [jvm.dll+0x8392e3]
V  [jvm.dll+0x24834f]
V  [jvm.dll+0xacbd1]
V  [jvm.dll+0xad01c]
V  [jvm.dll+0x65e14f]
V  [jvm.dll+0x7a8ac]
V  [jvm.dll+0x343247]
V  [jvm.dll+0x68d89b]
V  [jvm.dll+0x68cf64]
V  [jvm.dll+0x1a8b1c]
V  [jvm.dll+0x2aeb84]
V  [jvm.dll+0x697dd5]
V  [jvm.dll+0x68fd8b]
V  [jvm.dll+0x68f3c7]
V  [jvm.dll+0x68d2b2]
V  [jvm.dll+0x1a8b1c]
V  [jvm.dll+0x2aeb84]
V  [jvm.dll+0x697dd5]
V  [jvm.dll+0x68fd8b]
V  [jvm.dll+0x68f3c7]
V  [jvm.dll+0x68d2b2]
V  [jvm.dll+0x1a8b1c]
V  [jvm.dll+0x2aeb84]
V  [jvm.dll+0x697dd5]
V  [jvm.dll+0x68fd8b]
V  [jvm.dll+0x68f3c7]
V  [jvm.dll+0x68d2b2]
V  [jvm.dll+0x1a8b1c]
V  [jvm.dll+0x2aeb84]
V  [jvm.dll+0x697dd5]
V  [jvm.dll+0x68fd8b]
V  [jvm.dll+0x68f3c7]
V  [jvm.dll+0x68d2b2]
V  [jvm.dll+0x1a8b1c]
V  [jvm.dll+0x1a96b6]
V  [jvm.dll+0x2aeb84]
V  [jvm.dll+0x697dd5]
V  [jvm.dll+0x68fd8b]
V  [jvm.dll+0x68f3c7]
V  [jvm.dll+0x68d2b2]
V  [jvm.dll+0x1a8b1c]
V  [jvm.dll+0x1a96b6]
V  [jvm.dll+0x2aeb84]
V  [jvm.dll+0x697dd5]
V  [jvm.dll+0x68fd8b]
V  [jvm.dll+0x68f3c7]
V  [jvm.dll+0x68d2b2]
V  [jvm.dll+0x1a8b1c]
V  [jvm.dll+0x2aeb84]
V  [jvm.dll+0x697dd5]
V  [jvm.dll+0x68fd8b]
V  [jvm.dll+0x68f3c7]
V  [jvm.dll+0x68d2b2]
V  [jvm.dll+0x1a8b1c]
V  [jvm.dll+0x2aeb84]
V  [jvm.dll+0x697dd5]
V  [jvm.dll+0x68fd8b]
V  [jvm.dll+0x68f3c7]
V  [jvm.dll+0x68d2b2]
V  [jvm.dll+0x1a8b1c]
V  [jvm.dll+0x1a96b6]
V  [jvm.dll+0x1a96b6]
V  [jvm.dll+0x1a95f8]
V  [jvm.dll+0x2aeb84]
V  [jvm.dll+0x697dd5]
V  [jvm.dll+0x68fd8b]
V  [jvm.dll+0x68f3c7]
V  [jvm.dll+0x68d2b2]
V  [jvm.dll+0x1a8b1c]
V  [jvm.dll+0x2198a8]
V  [jvm.dll+0x1a58bd]
V  [jvm.dll+0x229a2d]
V  [jvm.dll+0x227bdc]
V  [jvm.dll+0x7ec1f7]
V  [jvm.dll+0x7e65dc]
V  [jvm.dll+0x67e7f7]
C  [ucrtbase.dll+0x29333]
C  [KERNEL32.DLL+0x1257d]
C  [ntdll.dll+0x5af28]


---------------  P R O C E S S  ---------------

Threads class SMR info:
_java_thread_list=0x000002be031f3ac0, length=54, elements={
0x000002be6698ce10, 0x000002be7a814020, 0x000002be66a38f80, 0x000002be7f8ff430,
0x000002be7f8ffd00, 0x000002be7f9006d0, 0x000002be7f9011a0, 0x000002be7f905e70,
0x000002be7f968e90, 0x000002be7f9693b0, 0x000002be7fa2e030, 0x000002be7fbecf80,
0x000002be00feee10, 0x000002be0110a830, 0x000002be0110ad10, 0x000002be01d043b0,
0x000002be01782360, 0x000002be01813140, 0x000002be018159c0, 0x000002be018163e0,
0x000002be01813650, 0x000002be01813b60, 0x000002be01814070, 0x000002be01814580,
0x000002be03cf1a60, 0x000002be03cf33b0, 0x000002be03cec960, 0x000002be03cf2ea0,
0x000002be03cf1f70, 0x000002be03cece70, 0x000002be03cedda0, 0x000002be03cee2b0,
0x000002be03cef1e0, 0x000002be03cf2990, 0x000002be03ced890, 0x000002be03cf0620,
0x000002be03cf1040, 0x000002be03cee7c0, 0x000002be03ceecd0, 0x000002be03cefc00,
0x000002be0256a3b0, 0x000002be02568550, 0x000002be0256c210, 0x000002be0256e070,
0x000002be02568f70, 0x000002be0256add0, 0x000002be0256cc30, 0x000002be0256f4b0,
0x000002be0256db60, 0x000002be0256b2e0, 0x000002be0256e580, 0x000002be0256ea90,
0x000002be0256efa0, 0x000002be0256f9c0
}

Java Threads: ( => current thread )
  0x000002be6698ce10 JavaThread "main" [_thread_blocked, id=8248, stack(0x000000c919a00000,0x000000c919b00000)]
  0x000002be7a814020 JavaThread "Reference Handler" daemon [_thread_blocked, id=9200, stack(0x000000c919d00000,0x000000c919e00000)]
  0x000002be66a38f80 JavaThread "Finalizer" daemon [_thread_blocked, id=20560, stack(0x000000c919e00000,0x000000c919f00000)]
  0x000002be7f8ff430 JavaThread "Signal Dispatcher" daemon [_thread_blocked, id=1576, stack(0x000000c919f00000,0x000000c91a000000)]
  0x000002be7f8ffd00 JavaThread "Attach Listener" daemon [_thread_blocked, id=11068, stack(0x000000c91a000000,0x000000c91a100000)]
  0x000002be7f9006d0 JavaThread "Service Thread" daemon [_thread_blocked, id=13620, stack(0x000000c91a100000,0x000000c91a200000)]
  0x000002be7f9011a0 JavaThread "Monitor Deflation Thread" daemon [_thread_blocked, id=14472, stack(0x000000c91a200000,0x000000c91a300000)]
=>0x000002be7f905e70 JavaThread "C2 CompilerThread0" daemon [_thread_in_native, id=20300, stack(0x000000c91a300000,0x000000c91a400000)]
  0x000002be7f968e90 JavaThread "C1 CompilerThread0" daemon [_thread_in_native, id=7268, stack(0x000000c91a400000,0x000000c91a500000)]
  0x000002be7f9693b0 JavaThread "Sweeper thread" daemon [_thread_blocked, id=10296, stack(0x000000c91a500000,0x000000c91a600000)]
  0x000002be7fa2e030 JavaThread "Common-Cleaner" daemon [_thread_blocked, id=14432, stack(0x000000c91a600000,0x000000c91a700000)]
  0x000002be7fbecf80 JavaThread "Notification Thread" daemon [_thread_blocked, id=15852, stack(0x000000c91a700000,0x000000c91a800000)]
  0x000002be00feee10 JavaThread "Active Thread: Equinox Container: e879e488-0bb1-44a7-9da4-5306402f8106" [_thread_blocked, id=21336, stack(0x000000c91af00000,0x000000c91b000000)]
  0x000002be0110a830 JavaThread "Framework Event Dispatcher: Equinox Container: e879e488-0bb1-44a7-9da4-5306402f8106" daemon [_thread_blocked, id=1004, stack(0x000000c91b100000,0x000000c91b200000)]
  0x000002be0110ad10 JavaThread "Start Level: Equinox Container: e879e488-0bb1-44a7-9da4-5306402f8106" daemon [_thread_blocked, id=16700, stack(0x000000c91b200000,0x000000c91b300000)]
  0x000002be01d043b0 JavaThread "Bundle File Closer" daemon [_thread_blocked, id=16204, stack(0x000000c91b000000,0x000000c91b100000)]
  0x000002be01782360 JavaThread "SCR Component Actor" daemon [_thread_blocked, id=17148, stack(0x000000c91b400000,0x000000c91b500000)]
  0x000002be01813140 JavaThread "Worker-JM" [_thread_blocked, id=8836, stack(0x000000c91b600000,0x000000c91b700000)]
  0x000002be018159c0 JavaThread "Java indexing" daemon [_thread_blocked, id=18248, stack(0x000000c91ba00000,0x000000c91bb00000)]
  0x000002be018163e0 JavaThread "Worker-3" [_thread_blocked, id=21448, stack(0x000000c91bb00000,0x000000c91bc00000)]
  0x000002be01813650 JavaThread "JNA Cleaner" daemon [_thread_blocked, id=18672, stack(0x000000c91bc00000,0x000000c91bd00000)]
  0x000002be01813b60 JavaThread "Thread-2" daemon [_thread_in_native, id=17548, stack(0x000000c91bd00000,0x000000c91be00000)]
  0x000002be01814070 JavaThread "Thread-3" daemon [_thread_in_native, id=3604, stack(0x000000c91be00000,0x000000c91bf00000)]
  0x000002be01814580 JavaThread "Thread-4" daemon [_thread_in_native, id=10420, stack(0x000000c91bf00000,0x000000c91c000000)]
  0x000002be03cf1a60 JavaThread "Thread-5" daemon [_thread_in_native, id=7868, stack(0x000000c91c000000,0x000000c91c100000)]
  0x000002be03cf33b0 JavaThread "Thread-6" daemon [_thread_in_native, id=20180, stack(0x000000c91c100000,0x000000c91c200000)]
  0x000002be03cec960 JavaThread "Thread-7" daemon [_thread_in_native, id=13992, stack(0x000000c91c200000,0x000000c91c300000)]
  0x000002be03cf2ea0 JavaThread "Thread-8" daemon [_thread_in_native, id=19096, stack(0x000000c91c300000,0x000000c91c400000)]
  0x000002be03cf1f70 JavaThread "Thread-9" daemon [_thread_in_native, id=2284, stack(0x000000c91c400000,0x000000c91c500000)]
  0x000002be03cece70 JavaThread "Thread-10" daemon [_thread_in_native, id=21404, stack(0x000000c91c500000,0x000000c91c600000)]
  0x000002be03cedda0 JavaThread "pool-2-thread-1" [_thread_blocked, id=3208, stack(0x000000c91c600000,0x000000c91c700000)]
  0x000002be03cee2b0 JavaThread "WorkspaceEventsHandler" [_thread_blocked, id=3864, stack(0x000000c91c700000,0x000000c91c800000)]
  0x000002be03cef1e0 JavaThread "pool-1-thread-1" [_thread_blocked, id=228, stack(0x000000c91c800000,0x000000c91c900000)]
  0x000002be03cf2990 JavaThread "Worker-4" [_thread_blocked, id=17852, stack(0x000000c91c900000,0x000000c91ca00000)]
  0x000002be03ced890 JavaThread "Compiler Source File Reader" daemon [_thread_blocked, id=12196, stack(0x000000c91cd00000,0x000000c91ce00000)]
  0x000002be03cf0620 JavaThread "Compiler Source File Reader" daemon [_thread_blocked, id=15316, stack(0x000000c91ce00000,0x000000c91cf00000)]
  0x000002be03cf1040 JavaThread "Compiler Source File Reader" daemon [_thread_blocked, id=6812, stack(0x000000c91cf00000,0x000000c91d000000)]
  0x000002be03cee7c0 JavaThread "Compiler Source File Reader" daemon [_thread_blocked, id=14492, stack(0x000000c91d000000,0x000000c91d100000)]
  0x000002be03ceecd0 JavaThread "Compiler Source File Reader" daemon [_thread_blocked, id=10112, stack(0x000000c91d100000,0x000000c91d200000)]
  0x000002be03cefc00 JavaThread "Compiler Source File Reader" daemon [_thread_blocked, id=21004, stack(0x000000c91d200000,0x000000c91d300000)]
  0x000002be0256a3b0 JavaThread "Worker-7" [_thread_blocked, id=296, stack(0x000000c919700000,0x000000c919800000)]
  0x000002be02568550 JavaThread "Worker-8" [_thread_blocked, id=21476, stack(0x000000c919800000,0x000000c919900000)]
  0x000002be0256c210 JavaThread "ForkJoinPool.commonPool-worker-8" daemon [_thread_blocked, id=21432, stack(0x000000c919900000,0x000000c919a00000)]
  0x000002be0256e070 JavaThread "ForkJoinPool.commonPool-worker-9" daemon [_thread_blocked, id=3128, stack(0x000000c91b500000,0x000000c91b600000)]
  0x000002be02568f70 JavaThread "ForkJoinPool.commonPool-worker-10" daemon [_thread_blocked, id=22120, stack(0x000000c91b700000,0x000000c91b800000)]
  0x000002be0256add0 JavaThread "ForkJoinPool.commonPool-worker-11" daemon [_thread_blocked, id=10408, stack(0x000000c91b800000,0x000000c91b900000)]
  0x000002be0256cc30 JavaThread "ForkJoinPool.commonPool-worker-12" daemon [_thread_blocked, id=6680, stack(0x000000c91b900000,0x000000c91ba00000)]
  0x000002be0256f4b0 JavaThread "ForkJoinPool.commonPool-worker-13" daemon [_thread_blocked, id=6276, stack(0x000000c91ca00000,0x000000c91cb00000)]
  0x000002be0256db60 JavaThread "ForkJoinPool.commonPool-worker-14" daemon [_thread_blocked, id=19168, stack(0x000000c91cb00000,0x000000c91cc00000)]
  0x000002be0256b2e0 JavaThread "Cleaner-0" daemon [_thread_blocked, id=6940, stack(0x000000c91cc00000,0x000000c91cd00000)]
  0x000002be0256e580 JavaThread "pool-1-thread-2" [_thread_blocked, id=5376, stack(0x000000c91d300000,0x000000c91d400000)]
  0x000002be0256ea90 JavaThread "Compiler Processing Task" daemon [_thread_blocked, id=11408, stack(0x000000c91d400000,0x000000c91d500000)]
  0x000002be0256efa0 JavaThread "Worker-9" [_thread_blocked, id=12608, stack(0x000000c91d500000,0x000000c91d600000)]
  0x000002be0256f9c0 JavaThread "Worker-10" [_thread_blocked, id=19108, stack(0x000000c91d600000,0x000000c91d700000)]

Other Threads:
  0x000002be66a38b70 VMThread "VM Thread" [stack: 0x000000c919c00000,0x000000c919d00000] [id=20164]
  0x000002be7fbd9d10 WatcherThread [stack: 0x000000c91a800000,0x000000c91a900000] [id=17776]
  0x000002be669a41a0 GCTaskThread "GC Thread#0" [stack: 0x000000c919b00000,0x000000c919c00000] [id=10288]
  0x000002be012146c0 GCTaskThread "GC Thread#1" [stack: 0x000000c91a900000,0x000000c91aa00000] [id=20848]
  0x000002be00ff6050 GCTaskThread "GC Thread#2" [stack: 0x000000c91aa00000,0x000000c91ab00000] [id=20128]
  0x000002be00bdeed0 GCTaskThread "GC Thread#3" [stack: 0x000000c91ab00000,0x000000c91ac00000] [id=19264]
  0x000002be00bdf190 GCTaskThread "GC Thread#4" [stack: 0x000000c91ac00000,0x000000c91ad00000] [id=21172]
  0x000002be01100fd0 GCTaskThread "GC Thread#5" [stack: 0x000000c91ad00000,0x000000c91ae00000] [id=15684]
  0x000002be01101290 GCTaskThread "GC Thread#6" [stack: 0x000000c91ae00000,0x000000c91af00000] [id=19492]
  0x000002be00ef47a0 GCTaskThread "GC Thread#7" [stack: 0x000000c91b300000,0x000000c91b400000] [id=14840]

Threads with active compile tasks:
C2 CompilerThread0  6266172 16318       4       org.eclipse.jdt.internal.compiler.lookup.PackageBinding::getTypeOrPackage (368 bytes)
C1 CompilerThread0  6266172 16329   !   3       lombok.launch.PatchFixesHider$PatchFixes::convertAnnotations (215 bytes)

VM state: not at safepoint (normal execution)

VM Mutex/Monitor currently owned by a thread: None

Heap address: 0x00000000c0000000, size: 1024 MB, Compressed Oops mode: 32-bit

CDS archive(s) not mapped
Compressed class space mapped at: 0x0000000100000000-0x0000000140000000, reserved size: 1073741824
Narrow klass base: 0x0000000000000000, Narrow klass shift: 3, Narrow klass range: 0x140000000

GC Precious Log:
 CPUs: 8 total, 8 available
 Memory: 7859M
 Large Page Support: Disabled
 NUMA Support: Disabled
 Compressed Oops: Enabled (32-bit)
 Alignments: Space 512K, Generation 512K, Heap 2M
 Heap Min Capacity: 100M
 Heap Initial Capacity: 100M
 Heap Max Capacity: 1G
 Pre-touch: Disabled
 Parallel Workers: 8

Heap:
 PSYoungGen      total 6144K, used 3083K [0x00000000eab00000, 0x00000000eb300000, 0x0000000100000000)
  eden space 5632K, 45% used [0x00000000eab00000,0x00000000ead834d0,0x00000000eb080000)
  from space 512K, 99% used [0x00000000eb280000,0x00000000eb2ff9b0,0x00000000eb300000)
  to   space 1024K, 0% used [0x00000000eb180000,0x00000000eb180000,0x00000000eb280000)
 ParOldGen       total 121344K, used 83361K [0x00000000c0000000, 0x00000000c7680000, 0x00000000eab00000)
  object space 121344K, 68% used [0x00000000c0000000,0x00000000c5168480,0x00000000c7680000)
 Metaspace       used 86009K, committed 87296K, reserved 1179648K
  class space    used 9010K, committed 9536K, reserved 1048576K

Card table byte_map: [0x000002be66320000,0x000002be66530000] _byte_map_base: 0x000002be65d20000

Marking Bits: (ParMarkBitMap*) 0x00007ffbf99a58b0
 Begin Bits: [0x000002be78620000, 0x000002be79620000)
 End Bits:   [0x000002be79620000, 0x000002be7a620000)

Polling page: 0x000002be64900000

Metaspace:

Usage:
  Non-class:     75.19 MB used.
      Class:      8.80 MB used.
       Both:     83.99 MB used.

Virtual space:
  Non-class space:      128.00 MB reserved,      75.94 MB ( 59%) committed,  2 nodes.
      Class space:        1.00 GB reserved,       9.31 MB ( <1%) committed,  1 nodes.
             Both:        1.12 GB reserved,      85.25 MB (  7%) committed. 

Chunk freelists:
   Non-Class:  4.02 MB
       Class:  6.69 MB
        Both:  10.71 MB

MaxMetaspaceSize: unlimited
CompressedClassSpaceSize: 1.00 GB
Initial GC threshold: 21.00 MB
Current GC threshold: 141.81 MB
CDS: off
MetaspaceReclaimPolicy: balanced
 - commit_granule_bytes: 65536.
 - commit_granule_words: 8192.
 - virtual_space_node_default_size: 8388608.
 - enlarge_chunks_in_place: 1.
 - new_chunks_are_fully_committed: 0.
 - uncommit_free_chunks: 1.
 - use_allocation_guard: 0.
 - handle_deallocations: 1.


Internal statistics:

num_allocs_failed_limit: 11.
num_arena_births: 1050.
num_arena_deaths: 312.
num_vsnodes_births: 3.
num_vsnodes_deaths: 0.
num_space_committed: 1364.
num_space_uncommitted: 0.
num_chunks_returned_to_freelist: 384.
num_chunks_taken_from_freelist: 4862.
num_chunk_merges: 137.
num_chunk_splits: 2824.
num_chunks_enlarged: 1586.
num_inconsistent_stats: 0.

CodeHeap 'non-profiled nmethods': size=120000Kb used=9837Kb max_used=9837Kb free=110162Kb
 bounds [0x000002be710f0000, 0x000002be71a90000, 0x000002be78620000]
CodeHeap 'profiled nmethods': size=120000Kb used=26383Kb max_used=26383Kb free=93616Kb
 bounds [0x000002be69620000, 0x000002be6aff0000, 0x000002be70b50000]
CodeHeap 'non-nmethods': size=5760Kb used=1444Kb max_used=1507Kb free=4316Kb
 bounds [0x000002be70b50000, 0x000002be70dc0000, 0x000002be710f0000]
 total_blobs=13714 nmethods=12922 adapters=702
 compilation: enabled
              stopped_count=0, restarted_count=0
 full_count=0

Compilation events (20 events):
Event: 6265.601 Thread 0x000002be7f968e90 nmethod 16312 0x000002be6afd7b90 code [0x000002be6afd7da0, 0x000002be6afd8588]
Event: 6265.601 Thread 0x000002be7f968e90 16313       3       org.eclipse.jdt.internal.core.search.AbstractSearchScope::clone (8 bytes)
Event: 6265.601 Thread 0x000002be7f968e90 nmethod 16313 0x000002be6afd8790 code [0x000002be6afd8940, 0x000002be6afd8b68]
Event: 6265.634 Thread 0x000002be7f905e70 16314       4       org.eclipse.core.runtime.SubMonitor::newChild (194 bytes)
Event: 6265.643 Thread 0x000002be7f905e70 nmethod 16314 0x000002be71a8a110 code [0x000002be71a8a2c0, 0x000002be71a8a7a8]
Event: 6266.059 Thread 0x000002be7f905e70 16315       4       java.util.regex.Pattern$SliceNode::study (37 bytes)
Event: 6266.060 Thread 0x000002be7f905e70 nmethod 16315 0x000002be71a8aa90 code [0x000002be71a8ac20, 0x000002be71a8acf8]
Event: 6266.063 Thread 0x000002be7f905e70 16316       4       org.eclipse.jdt.internal.core.JrtPackageFragmentRoot::getPackageFragment (10 bytes)
Event: 6266.064 Thread 0x000002be7f905e70 nmethod 16316 0x000002be71a8ae10 code [0x000002be71a8afa0, 0x000002be71a8b0d8]
Event: 6266.065 Thread 0x000002be7f905e70 16317       4       org.eclipse.jdt.internal.compiler.classfmt.FieldInfo::getGenericSignature (49 bytes)
Event: 6266.067 Thread 0x000002be7f905e70 nmethod 16317 0x000002be71a8b210 code [0x000002be71a8b3a0, 0x000002be71a8b4f8]
Event: 6266.067 Thread 0x000002be7f905e70 16318       4       org.eclipse.jdt.internal.compiler.lookup.PackageBinding::getTypeOrPackage (368 bytes)
Event: 6266.073 Thread 0x000002be7f968e90 16322       3       org.eclipse.jdt.internal.core.SourceType::isAnonymous (14 bytes)
Event: 6266.074 Thread 0x000002be7f968e90 nmethod 16322 0x000002be6afd8c10 code [0x000002be6afd8dc0, 0x000002be6afd9038]
Event: 6266.074 Thread 0x000002be7f968e90 16323       3       org.eclipse.jdt.internal.compiler.lookup.LookupEnvironment::convertToRawType (416 bytes)
Event: 6266.075 Thread 0x000002be7f968e90 nmethod 16323 0x000002be6afd9190 code [0x000002be6afd9580, 0x000002be6afdb5d8]
Event: 6266.075 Thread 0x000002be7f968e90 16325       3       org.eclipse.jdt.internal.compiler.lookup.MethodBinding::isImplementing (15 bytes)
Event: 6266.076 Thread 0x000002be7f968e90 nmethod 16325 0x000002be6afdbc90 code [0x000002be6afdbe20, 0x000002be6afdbf98]
Event: 6266.076 Thread 0x000002be7f968e90 16324       3       org.eclipse.jdt.internal.compiler.ast.MemberValuePair::resolveTypeExpecting (1314 bytes)
Event: 6266.082 Thread 0x000002be7f968e90 nmethod 16324 0x000002be6afdc010 code [0x000002be6afdc920, 0x000002be6afe3528]

GC Heap History (20 events):
Event: 6233.665 GC heap before
{Heap before GC invocations=1182 (full 27):
 PSYoungGen      total 6656K, used 6452K [0x00000000eab00000, 0x00000000eb380000, 0x0000000100000000)
  eden space 5632K, 100% used [0x00000000eab00000,0x00000000eb080000,0x00000000eb080000)
  from space 1024K, 80% used [0x00000000eb280000,0x00000000eb34d220,0x00000000eb380000)
  to   space 1024K, 0% used [0x00000000eb080000,0x00000000eb080000,0x00000000eb180000)
 ParOldGen       total 121344K, used 73911K [0x00000000c0000000, 0x00000000c7680000, 0x00000000eab00000)
  object space 121344K, 60% used [0x00000000c0000000,0x00000000c482de48,0x00000000c7680000)
 Metaspace       used 85876K, committed 87104K, reserved 1179648K
  class space    used 9007K, committed 9536K, reserved 1048576K
}
Event: 6233.668 GC heap after
{Heap after GC invocations=1182 (full 27):
 PSYoungGen      total 6656K, used 1008K [0x00000000eab00000, 0x00000000ebb80000, 0x0000000100000000)
  eden space 5632K, 0% used [0x00000000eab00000,0x00000000eab00000,0x00000000eb080000)
  from space 1024K, 98% used [0x00000000eb080000,0x00000000eb17c070,0x00000000eb180000)
  to   space 5632K, 0% used [0x00000000eb600000,0x00000000eb600000,0x00000000ebb80000)
 ParOldGen       total 121344K, used 77644K [0x00000000c0000000, 0x00000000c7680000, 0x00000000eab00000)
  object space 121344K, 63% used [0x00000000c0000000,0x00000000c4bd30d8,0x00000000c7680000)
 Metaspace       used 85876K, committed 87104K, reserved 1179648K
  class space    used 9007K, committed 9536K, reserved 1048576K
}
Event: 6233.860 GC heap before
{Heap before GC invocations=1183 (full 27):
 PSYoungGen      total 6656K, used 6640K [0x00000000eab00000, 0x00000000ebb80000, 0x0000000100000000)
  eden space 5632K, 99% used [0x00000000eab00000,0x00000000eb07fff0,0x00000000eb080000)
  from space 1024K, 98% used [0x00000000eb080000,0x00000000eb17c070,0x00000000eb180000)
  to   space 5632K, 0% used [0x00000000eb600000,0x00000000eb600000,0x00000000ebb80000)
 ParOldGen       total 121344K, used 77644K [0x00000000c0000000, 0x00000000c7680000, 0x00000000eab00000)
  object space 121344K, 63% used [0x00000000c0000000,0x00000000c4bd30d8,0x00000000c7680000)
 Metaspace       used 85912K, committed 87168K, reserved 1179648K
  class space    used 9010K, committed 9536K, reserved 1048576K
}
Event: 6233.863 GC heap after
{Heap after GC invocations=1183 (full 27):
 PSYoungGen      total 10240K, used 4124K [0x00000000eab00000, 0x00000000eba80000, 0x0000000100000000)
  eden space 5632K, 0% used [0x00000000eab00000,0x00000000eab00000,0x00000000eb080000)
  from space 4608K, 89% used [0x00000000eb600000,0x00000000eba07360,0x00000000eba80000)
  to   space 4608K, 0% used [0x00000000eb180000,0x00000000eb180000,0x00000000eb600000)
 ParOldGen       total 121344K, used 78372K [0x00000000c0000000, 0x00000000c7680000, 0x00000000eab00000)
  object space 121344K, 64% used [0x00000000c0000000,0x00000000c4c89030,0x00000000c7680000)
 Metaspace       used 85912K, committed 87168K, reserved 1179648K
  class space    used 9010K, committed 9536K, reserved 1048576K
}
Event: 6265.295 GC heap before
{Heap before GC invocations=1184 (full 27):
 PSYoungGen      total 10240K, used 9756K [0x00000000eab00000, 0x00000000eba80000, 0x0000000100000000)
  eden space 5632K, 100% used [0x00000000eab00000,0x00000000eb080000,0x00000000eb080000)
  from space 4608K, 89% used [0x00000000eb600000,0x00000000eba07360,0x00000000eba80000)
  to   space 4608K, 0% used [0x00000000eb180000,0x00000000eb180000,0x00000000eb600000)
 ParOldGen       total 121344K, used 78372K [0x00000000c0000000, 0x00000000c7680000, 0x00000000eab00000)
  object space 121344K, 64% used [0x00000000c0000000,0x00000000c4c89030,0x00000000c7680000)
 Metaspace       used 85917K, committed 87168K, reserved 1179648K
  class space    used 9010K, committed 9536K, reserved 1048576K
}
Event: 6265.297 GC heap after
{Heap after GC invocations=1184 (full 27):
 PSYoungGen      total 6656K, used 724K [0x00000000eab00000, 0x00000000eb680000, 0x0000000100000000)
  eden space 5632K, 0% used [0x00000000eab00000,0x00000000eab00000,0x00000000eb080000)
  from space 1024K, 70% used [0x00000000eb180000,0x00000000eb235220,0x00000000eb280000)
  to   space 2048K, 0% used [0x00000000eb480000,0x00000000eb480000,0x00000000eb680000)
 ParOldGen       total 121344K, used 79052K [0x00000000c0000000, 0x00000000c7680000, 0x00000000eab00000)
  object space 121344K, 65% used [0x00000000c0000000,0x00000000c4d33030,0x00000000c7680000)
 Metaspace       used 85917K, committed 87168K, reserved 1179648K
  class space    used 9010K, committed 9536K, reserved 1048576K
}
Event: 6265.335 GC heap before
{Heap before GC invocations=1185 (full 27):
 PSYoungGen      total 6656K, used 6356K [0x00000000eab00000, 0x00000000eb680000, 0x0000000100000000)
  eden space 5632K, 100% used [0x00000000eab00000,0x00000000eb080000,0x00000000eb080000)
  from space 1024K, 70% used [0x00000000eb180000,0x00000000eb235220,0x00000000eb280000)
  to   space 2048K, 0% used [0x00000000eb480000,0x00000000eb480000,0x00000000eb680000)
 ParOldGen       total 121344K, used 79052K [0x00000000c0000000, 0x00000000c7680000, 0x00000000eab00000)
  object space 121344K, 65% used [0x00000000c0000000,0x00000000c4d33030,0x00000000c7680000)
 Metaspace       used 85941K, committed 87232K, reserved 1179648K
  class space    used 9010K, committed 9536K, reserved 1048576K
}
Event: 6265.337 GC heap after
{Heap after GC invocations=1185 (full 27):
 PSYoungGen      total 7168K, used 1276K [0x00000000eab00000, 0x00000000eb600000, 0x0000000100000000)
  eden space 5632K, 0% used [0x00000000eab00000,0x00000000eab00000,0x00000000eb080000)
  from space 1536K, 83% used [0x00000000eb480000,0x00000000eb5bf360,0x00000000eb600000)
  to   space 1536K, 0% used [0x00000000eb300000,0x00000000eb300000,0x00000000eb480000)
 ParOldGen       total 121344K, used 79648K [0x00000000c0000000, 0x00000000c7680000, 0x00000000eab00000)
  object space 121344K, 65% used [0x00000000c0000000,0x00000000c4dc8250,0x00000000c7680000)
 Metaspace       used 85941K, committed 87232K, reserved 1179648K
  class space    used 9010K, committed 9536K, reserved 1048576K
}
Event: 6265.361 GC heap before
{Heap before GC invocations=1186 (full 27):
 PSYoungGen      total 7168K, used 6908K [0x00000000eab00000, 0x00000000eb600000, 0x0000000100000000)
  eden space 5632K, 100% used [0x00000000eab00000,0x00000000eb080000,0x00000000eb080000)
  from space 1536K, 83% used [0x00000000eb480000,0x00000000eb5bf360,0x00000000eb600000)
  to   space 1536K, 0% used [0x00000000eb300000,0x00000000eb300000,0x00000000eb480000)
 ParOldGen       total 121344K, used 79648K [0x00000000c0000000, 0x00000000c7680000, 0x00000000eab00000)
  object space 121344K, 65% used [0x00000000c0000000,0x00000000c4dc8250,0x00000000c7680000)
 Metaspace       used 85948K, committed 87232K, reserved 1179648K
  class space    used 9010K, committed 9536K, reserved 1048576K
}
Event: 6265.362 GC heap after
{Heap after GC invocations=1186 (full 27):
 PSYoungGen      total 6656K, used 730K [0x00000000eab00000, 0x00000000eb500000, 0x0000000100000000)
  eden space 5632K, 0% used [0x00000000eab00000,0x00000000eab00000,0x00000000eb080000)
  from space 1024K, 71% used [0x00000000eb300000,0x00000000eb3b6920,0x00000000eb400000)
  to   space 1024K, 0% used [0x00000000eb400000,0x00000000eb400000,0x00000000eb500000)
 ParOldGen       total 121344K, used 79736K [0x00000000c0000000, 0x00000000c7680000, 0x00000000eab00000)
  object space 121344K, 65% used [0x00000000c0000000,0x00000000c4dde250,0x00000000c7680000)
 Metaspace       used 85948K, committed 87232K, reserved 1179648K
  class space    used 9010K, committed 9536K, reserved 1048576K
}
Event: 6265.383 GC heap before
{Heap before GC invocations=1187 (full 27):
 PSYoungGen      total 6656K, used 6362K [0x00000000eab00000, 0x00000000eb500000, 0x0000000100000000)
  eden space 5632K, 99% used [0x00000000eab00000,0x00000000eb07ffd8,0x00000000eb080000)
  from space 1024K, 71% used [0x00000000eb300000,0x00000000eb3b6920,0x00000000eb400000)
  to   space 1024K, 0% used [0x00000000eb400000,0x00000000eb400000,0x00000000eb500000)
 ParOldGen       total 121344K, used 79736K [0x00000000c0000000, 0x00000000c7680000, 0x00000000eab00000)
  object space 121344K, 65% used [0x00000000c0000000,0x00000000c4dde250,0x00000000c7680000)
 Metaspace       used 85983K, committed 87296K, reserved 1179648K
  class space    used 9010K, committed 9536K, reserved 1048576K
}
Event: 6265.385 GC heap after
{Heap after GC invocations=1187 (full 27):
 PSYoungGen      total 6656K, used 1020K [0x00000000eab00000, 0x00000000eb500000, 0x0000000100000000)
  eden space 5632K, 0% used [0x00000000eab00000,0x00000000eab00000,0x00000000eb080000)
  from space 1024K, 99% used [0x00000000eb400000,0x00000000eb4ff360,0x00000000eb500000)
  to   space 2048K, 0% used [0x00000000eb100000,0x00000000eb100000,0x00000000eb300000)
 ParOldGen       total 121344K, used 80429K [0x00000000c0000000, 0x00000000c7680000, 0x00000000eab00000)
  object space 121344K, 66% used [0x00000000c0000000,0x00000000c4e8b470,0x00000000c7680000)
 Metaspace       used 85983K, committed 87296K, reserved 1179648K
  class space    used 9010K, committed 9536K, reserved 1048576K
}
Event: 6265.583 GC heap before
{Heap before GC invocations=1188 (full 27):
 PSYoungGen      total 6656K, used 6652K [0x00000000eab00000, 0x00000000eb500000, 0x0000000100000000)
  eden space 5632K, 100% used [0x00000000eab00000,0x00000000eb080000,0x00000000eb080000)
  from space 1024K, 99% used [0x00000000eb400000,0x00000000eb4ff360,0x00000000eb500000)
  to   space 2048K, 0% used [0x00000000eb100000,0x00000000eb100000,0x00000000eb300000)
 ParOldGen       total 121344K, used 80429K [0x00000000c0000000, 0x00000000c7680000, 0x00000000eab00000)
  object space 121344K, 66% used [0x00000000c0000000,0x00000000c4e8b470,0x00000000c7680000)
 Metaspace       used 85990K, committed 87296K, reserved 1179648K
  class space    used 9010K, committed 9536K, reserved 1048576K
}
Event: 6265.587 GC heap after
{Heap after GC invocations=1188 (full 27):
 PSYoungGen      total 7680K, used 756K [0x00000000eab00000, 0x00000000eb480000, 0x0000000100000000)
  eden space 5632K, 0% used [0x00000000eab00000,0x00000000eab00000,0x00000000eb080000)
  from space 2048K, 36% used [0x00000000eb100000,0x00000000eb1bd220,0x00000000eb300000)
  to   space 1536K, 0% used [0x00000000eb300000,0x00000000eb300000,0x00000000eb480000)
 ParOldGen       total 121344K, used 80533K [0x00000000c0000000, 0x00000000c7680000, 0x00000000eab00000)
  object space 121344K, 66% used [0x00000000c0000000,0x00000000c4ea5470,0x00000000c7680000)
 Metaspace       used 85990K, committed 87296K, reserved 1179648K
  class space    used 9010K, committed 9536K, reserved 1048576K
}
Event: 6265.615 GC heap before
{Heap before GC invocations=1189 (full 27):
 PSYoungGen      total 7680K, used 6388K [0x00000000eab00000, 0x00000000eb480000, 0x0000000100000000)
  eden space 5632K, 100% used [0x00000000eab00000,0x00000000eb080000,0x00000000eb080000)
  from space 2048K, 36% used [0x00000000eb100000,0x00000000eb1bd220,0x00000000eb300000)
  to   space 1536K, 0% used [0x00000000eb300000,0x00000000eb300000,0x00000000eb480000)
 ParOldGen       total 121344K, used 80533K [0x00000000c0000000, 0x00000000c7680000, 0x00000000eab00000)
  object space 121344K, 66% used [0x00000000c0000000,0x00000000c4ea5470,0x00000000c7680000)
 Metaspace       used 85997K, committed 87296K, reserved 1179648K
  class space    used 9010K, committed 9536K, reserved 1048576K
}
Event: 6265.617 GC heap after
{Heap after GC invocations=1189 (full 27):
 PSYoungGen      total 7168K, used 1180K [0x00000000eab00000, 0x00000000eb480000, 0x0000000100000000)
  eden space 5632K, 0% used [0x00000000eab00000,0x00000000eab00000,0x00000000eb080000)
  from space 1536K, 76% used [0x00000000eb300000,0x00000000eb427360,0x00000000eb480000)
  to   space 1536K, 0% used [0x00000000eb180000,0x00000000eb180000,0x00000000eb300000)
 ParOldGen       total 121344K, used 81129K [0x00000000c0000000, 0x00000000c7680000, 0x00000000eab00000)
  object space 121344K, 66% used [0x00000000c0000000,0x00000000c4f3a690,0x00000000c7680000)
 Metaspace       used 85997K, committed 87296K, reserved 1179648K
  class space    used 9010K, committed 9536K, reserved 1048576K
}
Event: 6266.067 GC heap before
{Heap before GC invocations=1190 (full 27):
 PSYoungGen      total 7168K, used 6812K [0x00000000eab00000, 0x00000000eb480000, 0x0000000100000000)
  eden space 5632K, 100% used [0x00000000eab00000,0x00000000eb080000,0x00000000eb080000)
  from space 1536K, 76% used [0x00000000eb300000,0x00000000eb427360,0x00000000eb480000)
  to   space 1536K, 0% used [0x00000000eb180000,0x00000000eb180000,0x00000000eb300000)
 ParOldGen       total 121344K, used 81129K [0x00000000c0000000, 0x00000000c7680000, 0x00000000eab00000)
  object space 121344K, 66% used [0x00000000c0000000,0x00000000c4f3a690,0x00000000c7680000)
 Metaspace       used 85997K, committed 87296K, reserved 1179648K
  class space    used 9010K, committed 9536K, reserved 1048576K
}
Event: 6266.068 GC heap after
{Heap after GC invocations=1190 (full 27):
 PSYoungGen      total 6656K, used 730K [0x00000000eab00000, 0x00000000eb380000, 0x0000000100000000)
  eden space 5632K, 0% used [0x00000000eab00000,0x00000000eab00000,0x00000000eb080000)
  from space 1024K, 71% used [0x00000000eb180000,0x00000000eb236920,0x00000000eb280000)
  to   space 1024K, 0% used [0x00000000eb280000,0x00000000eb280000,0x00000000eb380000)
 ParOldGen       total 121344K, used 81241K [0x00000000c0000000, 0x00000000c7680000, 0x00000000eab00000)
  object space 121344K, 66% used [0x00000000c0000000,0x00000000c4f56690,0x00000000c7680000)
 Metaspace       used 85997K, committed 87296K, reserved 1179648K
  class space    used 9010K, committed 9536K, reserved 1048576K
}
Event: 6266.089 GC heap before
{Heap before GC invocations=1191 (full 27):
 PSYoungGen      total 6656K, used 6362K [0x00000000eab00000, 0x00000000eb380000, 0x0000000100000000)
  eden space 5632K, 100% used [0x00000000eab00000,0x00000000eb080000,0x00000000eb080000)
  from space 1024K, 71% used [0x00000000eb180000,0x00000000eb236920,0x00000000eb280000)
  to   space 1024K, 0% used [0x00000000eb280000,0x00000000eb280000,0x00000000eb380000)
 ParOldGen       total 121344K, used 81241K [0x00000000c0000000, 0x00000000c7680000, 0x00000000eab00000)
  object space 121344K, 66% used [0x00000000c0000000,0x00000000c4f56690,0x00000000c7680000)
 Metaspace       used 86008K, committed 87296K, reserved 1179648K
  class space    used 9010K, committed 9536K, reserved 1048576K
}
Event: 6266.091 GC heap after
{Heap after GC invocations=1191 (full 27):
 PSYoungGen      total 6656K, used 1015K [0x00000000eab00000, 0x00000000eb380000, 0x0000000100000000)
  eden space 5632K, 0% used [0x00000000eab00000,0x00000000eab00000,0x00000000eb080000)
  from space 1024K, 99% used [0x00000000eb280000,0x00000000eb37dc80,0x00000000eb380000)
  to   space 1024K, 0% used [0x00000000eb180000,0x00000000eb180000,0x00000000eb280000)
 ParOldGen       total 121344K, used 81689K [0x00000000c0000000, 0x00000000c7680000, 0x00000000eab00000)
  object space 121344K, 67% used [0x00000000c0000000,0x00000000c4fc6690,0x00000000c7680000)
 Metaspace       used 86008K, committed 87296K, reserved 1179648K
  class space    used 9010K, committed 9536K, reserved 1048576K
}

Dll operation events (14 events):
Event: 0.017 Loaded shared library c:\Users\admin\.vscode\extensions\redhat.java-1.34.0-win32-x64\jre\17.0.12-win32-x86_64\bin\java.dll
Event: 0.611 Loaded shared library c:\Users\admin\.vscode\extensions\redhat.java-1.34.0-win32-x64\jre\17.0.12-win32-x86_64\bin\zip.dll
Event: 0.620 Loaded shared library C:\Users\admin\.vscode\extensions\redhat.java-1.34.0-win32-x64\jre\17.0.12-win32-x86_64\bin\instrument.dll
Event: 0.683 Loaded shared library C:\Users\admin\.vscode\extensions\redhat.java-1.34.0-win32-x64\jre\17.0.12-win32-x86_64\bin\net.dll
Event: 0.705 Loaded shared library C:\Users\admin\.vscode\extensions\redhat.java-1.34.0-win32-x64\jre\17.0.12-win32-x86_64\bin\nio.dll
Event: 0.736 Loaded shared library C:\Users\admin\.vscode\extensions\redhat.java-1.34.0-win32-x64\jre\17.0.12-win32-x86_64\bin\zip.dll
Event: 0.807 Loaded shared library C:\Users\admin\.vscode\extensions\redhat.java-1.34.0-win32-x64\jre\17.0.12-win32-x86_64\bin\jimage.dll
Event: 1.099 Loaded shared library c:\Users\admin\.vscode\extensions\redhat.java-1.34.0-win32-x64\jre\17.0.12-win32-x86_64\bin\verify.dll
Event: 3.770 Loaded shared library C:\Users\admin\AppData\Roaming\Code\User\globalStorage\redhat.java\1.34.0\config_win\org.eclipse.equinox.launcher\org.eclipse.equinox.launcher.win32.win32.x86_64_1.2.1100.v20240722-2106\eclipse_11904.dll
Event: 6.911 Loaded shared library C:\Users\admin\.vscode\extensions\redhat.java-1.34.0-win32-x64\jre\17.0.12-win32-x86_64\bin\management.dll
Event: 6.914 Loaded shared library C:\Users\admin\.vscode\extensions\redhat.java-1.34.0-win32-x64\jre\17.0.12-win32-x86_64\bin\management_ext.dll
Event: 10.030 Loaded shared library C:\Users\admin\AppData\Local\Temp\jna-92668751\jna1551238083434226141.dll
Event: 11.684 Loaded shared library C:\Users\admin\.vscode\extensions\redhat.java-1.34.0-win32-x64\jre\17.0.12-win32-x86_64\bin\sunmscapi.dll
Event: 17.040 Loaded shared library C:\Users\admin\.vscode\extensions\redhat.java-1.34.0-win32-x64\jre\17.0.12-win32-x86_64\bin\extnet.dll

Deoptimization events (20 events):
Event: 6233.570 Thread 0x000002be0256f4b0 Uncommon trap: trap_request=0xffffff45 fr.pc=0x000002be718ff5f8 relative=0x00000000000000d8
Event: 6233.570 Thread 0x000002be0256f4b0 Uncommon trap: reason=unstable_if action=reinterpret pc=0x000002be718ff5f8 method=org.eclipse.jdt.internal.core.search.matching.TypeDeclarationPattern.matchesDecodedKey(Lorg/eclipse/jdt/core/search/SearchPattern;)Z @ 20 c2
Event: 6233.570 Thread 0x000002be0256f4b0 DEOPT PACKING pc=0x000002be718ff5f8 sp=0x000000c91cafeb80
Event: 6233.570 Thread 0x000002be0256f4b0 DEOPT UNPACKING pc=0x000002be70ba9ea3 sp=0x000000c91cafeb28 mode 2
Event: 6233.570 Thread 0x000002be0256e070 Uncommon trap: trap_request=0xffffff45 fr.pc=0x000002be71921438 relative=0x0000000000000418
Event: 6233.570 Thread 0x000002be0256e070 Uncommon trap: reason=unstable_if action=reinterpret pc=0x000002be71921438 method=org.eclipse.jdt.core.compiler.CharOperation.concat([C[CC)[C @ 16 c2
Event: 6233.570 Thread 0x000002be0256e070 DEOPT PACKING pc=0x000002be71921438 sp=0x000000c91b5fe0a0
Event: 6233.570 Thread 0x000002be0256e070 DEOPT UNPACKING pc=0x000002be70ba9ea3 sp=0x000000c91b5fe078 mode 2
Event: 6233.852 Thread 0x000002be0256f4b0 Uncommon trap: trap_request=0xffffff45 fr.pc=0x000002be71a69194 relative=0x0000000000000534
Event: 6233.852 Thread 0x000002be0256f4b0 Uncommon trap: reason=unstable_if action=reinterpret pc=0x000002be71a69194 method=org.eclipse.jdt.internal.core.index.Index.isMatch([C[CI)Z @ 106 c2
Event: 6233.852 Thread 0x000002be0256f4b0 DEOPT PACKING pc=0x000002be71a69194 sp=0x000000c91cafe850
Event: 6233.852 Thread 0x000002be0256f4b0 DEOPT UNPACKING pc=0x000002be70ba9ea3 sp=0x000000c91cafe7f8 mode 2
Event: 6233.864 Thread 0x000002be02568f70 DEOPT PACKING pc=0x000002be6ac3d8be sp=0x000000c91b7fe740
Event: 6233.864 Thread 0x000002be02568f70 DEOPT UNPACKING pc=0x000002be70baa9e3 sp=0x000000c91b7fdcb8 mode 0
Event: 6233.864 Thread 0x000002be02568f70 Uncommon trap: trap_request=0xffffff45 fr.pc=0x000002be71a6c9e4 relative=0x0000000000000304
Event: 6233.864 Thread 0x000002be02568f70 Uncommon trap: reason=unstable_if action=reinterpret pc=0x000002be71a6c9e4 method=org.eclipse.jdt.internal.core.index.DiskIndex.addQueryResults([[C[CILorg/eclipse/jdt/internal/core/index/MemoryIndex;)Lorg/eclipse/jdt/internal/compiler/util/HashtableOfObje
Event: 6233.864 Thread 0x000002be02568f70 DEOPT PACKING pc=0x000002be71a6c9e4 sp=0x000000c91b7fe860
Event: 6233.864 Thread 0x000002be02568f70 DEOPT UNPACKING pc=0x000002be70ba9ea3 sp=0x000000c91b7fe7c8 mode 2
Event: 6266.069 Thread 0x000002be0256e070 DEOPT PACKING pc=0x000002be6aaf29fc sp=0x000000c91b5fd210
Event: 6266.071 Thread 0x000002be0256e070 DEOPT UNPACKING pc=0x000002be70baa9e3 sp=0x000000c91b5fc728 mode 0

Classes loaded (20 events):
Event: 6210.217 Loading class java/util/stream/SpinedBuffer$OfPrimitive
Event: 6210.217 Loading class java/util/stream/SpinedBuffer$OfPrimitive done
Event: 6210.218 Loading class java/util/stream/SpinedBuffer$OfInt done
Event: 6210.220 Loading class java/util/stream/Nodes$IntSpinedNodeBuilder done
Event: 6210.716 Loading class jdk/internal/module/IllegalAccessLogger
Event: 6210.716 Loading class jdk/internal/module/IllegalAccessLogger done
Event: 6210.902 Loading class java/nio/BufferMismatch
Event: 6210.903 Loading class java/nio/BufferMismatch done
Event: 6212.175 Loading class jdk/internal/module/IllegalAccessLogger
Event: 6212.175 Loading class jdk/internal/module/IllegalAccessLogger done
Event: 6213.912 Loading class jdk/internal/module/IllegalAccessLogger
Event: 6213.912 Loading class jdk/internal/module/IllegalAccessLogger done
Event: 6217.734 Loading class jdk/internal/module/IllegalAccessLogger
Event: 6217.734 Loading class jdk/internal/module/IllegalAccessLogger done
Event: 6221.246 Loading class jdk/internal/module/IllegalAccessLogger
Event: 6221.246 Loading class jdk/internal/module/IllegalAccessLogger done
Event: 6224.825 Loading class jdk/internal/module/IllegalAccessLogger
Event: 6224.825 Loading class jdk/internal/module/IllegalAccessLogger done
Event: 6226.364 Loading class jdk/internal/module/IllegalAccessLogger
Event: 6226.364 Loading class jdk/internal/module/IllegalAccessLogger done

Classes unloaded (20 events):
Event: 6200.558 Thread 0x000002be66a38b70 Unloading class 0x0000000100221800 'jdk/internal/reflect/GeneratedConstructorAccessor4'
Event: 6200.559 Thread 0x000002be66a38b70 Unloading class 0x000000010021e400 'java/lang/invoke/LambdaForm$MH+0x000000010021e400'
Event: 6200.559 Thread 0x000002be66a38b70 Unloading class 0x000000010021e000 'java/lang/invoke/LambdaForm$MH+0x000000010021e000'
Event: 6200.559 Thread 0x000002be66a38b70 Unloading class 0x000000010021dc00 'java/lang/invoke/LambdaForm$MH+0x000000010021dc00'
Event: 6200.559 Thread 0x000002be66a38b70 Unloading class 0x000000010021cc00 'java/lang/invoke/LambdaForm$MH+0x000000010021cc00'
Event: 6200.559 Thread 0x000002be66a38b70 Unloading class 0x000000010021c800 'java/lang/invoke/LambdaForm$MH+0x000000010021c800'
Event: 6200.559 Thread 0x000002be66a38b70 Unloading class 0x000000010021c000 'java/lang/invoke/LambdaForm$MH+0x000000010021c000'
Event: 6200.563 Thread 0x000002be66a38b70 Unloading class 0x00000001001b5c00 'java/lang/invoke/LambdaForm$MH+0x00000001001b5c00'
Event: 6200.563 Thread 0x000002be66a38b70 Unloading class 0x00000001001b5800 'java/lang/invoke/LambdaForm$MH+0x00000001001b5800'
Event: 6200.563 Thread 0x000002be66a38b70 Unloading class 0x00000001001b5400 'java/lang/invoke/LambdaForm$MH+0x00000001001b5400'
Event: 6200.563 Thread 0x000002be66a38b70 Unloading class 0x00000001001b5000 'java/lang/invoke/LambdaForm$MH+0x00000001001b5000'
Event: 6200.563 Thread 0x000002be66a38b70 Unloading class 0x00000001001b4c00 'java/lang/invoke/LambdaForm$MH+0x00000001001b4c00'
Event: 6200.563 Thread 0x000002be66a38b70 Unloading class 0x00000001001b4800 'java/lang/invoke/LambdaForm$MH+0x00000001001b4800'
Event: 6200.563 Thread 0x000002be66a38b70 Unloading class 0x00000001001b4400 'java/lang/invoke/LambdaForm$MH+0x00000001001b4400'
Event: 6200.563 Thread 0x000002be66a38b70 Unloading class 0x00000001001b4000 'java/lang/invoke/LambdaForm$MH+0x00000001001b4000'
Event: 6200.576 Thread 0x000002be66a38b70 Unloading class 0x0000000100129000 'jdk/internal/reflect/GeneratedMethodAccessor5'
Event: 6200.576 Thread 0x000002be66a38b70 Unloading class 0x0000000100128c00 'jdk/internal/reflect/GeneratedMethodAccessor4'
Event: 6200.576 Thread 0x000002be66a38b70 Unloading class 0x0000000100128800 'jdk/internal/reflect/GeneratedMethodAccessor3'
Event: 6200.576 Thread 0x000002be66a38b70 Unloading class 0x0000000100128400 'jdk/internal/reflect/GeneratedMethodAccessor2'
Event: 6200.576 Thread 0x000002be66a38b70 Unloading class 0x0000000100128000 'jdk/internal/reflect/GeneratedMethodAccessor1'

Classes redefined (0 events):
No events

Internal exceptions (20 events):
Event: 6208.303 Thread 0x000002be03cef1e0 Exception <a 'java/lang/ArrayIndexOutOfBoundsException'{0x00000000eae393c8}: Index 1429 out of bounds for length 1428> (0x00000000eae393c8) 
thrown [s\src\hotspot\share\interpreter\interpreterRuntime.cpp, line 428]
Event: 6210.200 Thread 0x000002be0256db60 Implicit null exception at 0x000002be71527cf0 to 0x000002be7152895c
Event: 6210.511 Thread 0x000002be03cef1e0 Exception <a 'java/lang/ClassNotFoundException'{0x00000000eab0fe10}: sun/util/logging/resources/spi/loggingProvider> (0x00000000eab0fe10) 
thrown [s\src\hotspot\share\classfile\systemDictionary.cpp, line 256]
Event: 6210.840 Thread 0x000002be03cf2990 Exception <a 'java/lang/NoSuchMethodError'{0x00000000eb05c308}: 'int java.lang.invoke.DirectMethodHandle$Holder.invokeStatic(java.lang.Object, java.lang.Object, java.lang.Object, java.lang.Object, java.lang.Object, java.lang.Object)'> (0x00000000eb05c308) 
thrown [s\src\hotspot\share\interpreter\linkResolver.cpp, line 759]
Event: 6211.192 Thread 0x000002be018159c0 Exception <a 'sun/nio/fs/WindowsException'{0x00000000eaea9e48}> (0x00000000eaea9e48) 
thrown [s\src\hotspot\share\prims\jni.cpp, line 516]
Event: 6211.201 Thread 0x000002be018159c0 Implicit null exception at 0x000002be714b0fd8 to 0x000002be714b1114
Event: 6211.207 Thread 0x000002be018159c0 Implicit null exception at 0x000002be7190214f to 0x000002be71902298
Event: 6211.778 Thread 0x000002be018159c0 Implicit null exception at 0x000002be718f5f26 to 0x000002be718f8054
Event: 6213.635 Thread 0x000002be018159c0 Implicit null exception at 0x000002be714efba4 to 0x000002be714f0b60
Event: 6213.667 Thread 0x000002be018159c0 Exception <a 'sun/nio/fs/WindowsException'{0x00000000ead05ef8}> (0x00000000ead05ef8) 
thrown [s\src\hotspot\share\prims\jni.cpp, line 516]
Event: 6214.579 Thread 0x000002be018159c0 Exception <a 'sun/nio/fs/WindowsException'{0x00000000ead19628}> (0x00000000ead19628) 
thrown [s\src\hotspot\share\prims\jni.cpp, line 516]
Event: 6217.634 Thread 0x000002be018159c0 Exception <a 'sun/nio/fs/WindowsException'{0x00000000eab00848}> (0x00000000eab00848) 
thrown [s\src\hotspot\share\prims\jni.cpp, line 516]
Event: 6218.349 Thread 0x000002be018159c0 Exception <a 'sun/nio/fs/WindowsException'{0x00000000eab67df8}> (0x00000000eab67df8) 
thrown [s\src\hotspot\share\prims\jni.cpp, line 516]
Event: 6221.109 Thread 0x000002be018159c0 Exception <a 'sun/nio/fs/WindowsException'{0x00000000eac74a68}> (0x00000000eac74a68) 
thrown [s\src\hotspot\share\prims\jni.cpp, line 516]
Event: 6221.573 Thread 0x000002be018159c0 Exception <a 'sun/nio/fs/WindowsException'{0x00000000eac26ed0}> (0x00000000eac26ed0) 
thrown [s\src\hotspot\share\prims\jni.cpp, line 516]
Event: 6224.676 Thread 0x000002be018159c0 Exception <a 'sun/nio/fs/WindowsException'{0x00000000eac7a500}> (0x00000000eac7a500) 
thrown [s\src\hotspot\share\prims\jni.cpp, line 516]
Event: 6225.098 Thread 0x000002be018159c0 Exception <a 'sun/nio/fs/WindowsException'{0x00000000eab6cf48}> (0x00000000eab6cf48) 
thrown [s\src\hotspot\share\prims\jni.cpp, line 516]
Event: 6226.188 Thread 0x000002be018159c0 Exception <a 'sun/nio/fs/WindowsException'{0x00000000eaf2b518}> (0x00000000eaf2b518) 
thrown [s\src\hotspot\share\prims\jni.cpp, line 516]
Event: 6226.841 Thread 0x000002be018159c0 Exception <a 'sun/nio/fs/WindowsException'{0x00000000eab18c98}> (0x00000000eab18c98) 
thrown [s\src\hotspot\share\prims\jni.cpp, line 516]
Event: 6233.290 Thread 0x000002be0256e070 Exception <a 'java/lang/ArrayIndexOutOfBoundsException'{0x00000000eae16ce8}: Index 1850 out of bounds for length 1849> (0x00000000eae16ce8) 
thrown [s\src\hotspot\share\interpreter\interpreterRuntime.cpp, line 428]

VM Operations (20 events):
Event: 6234.878 Executing VM operation: Cleanup
Event: 6234.878 Executing VM operation: Cleanup done
Event: 6255.252 Executing VM operation: HandshakeAllThreads
Event: 6255.252 Executing VM operation: HandshakeAllThreads done
Event: 6265.295 Executing VM operation: ParallelGCFailedAllocation
Event: 6265.297 Executing VM operation: ParallelGCFailedAllocation done
Event: 6265.335 Executing VM operation: ParallelGCFailedAllocation
Event: 6265.337 Executing VM operation: ParallelGCFailedAllocation done
Event: 6265.361 Executing VM operation: ParallelGCFailedAllocation
Event: 6265.362 Executing VM operation: ParallelGCFailedAllocation done
Event: 6265.383 Executing VM operation: ParallelGCFailedAllocation
Event: 6265.385 Executing VM operation: ParallelGCFailedAllocation done
Event: 6265.583 Executing VM operation: ParallelGCFailedAllocation
Event: 6265.587 Executing VM operation: ParallelGCFailedAllocation done
Event: 6265.615 Executing VM operation: ParallelGCFailedAllocation
Event: 6265.617 Executing VM operation: ParallelGCFailedAllocation done
Event: 6266.067 Executing VM operation: ParallelGCFailedAllocation
Event: 6266.068 Executing VM operation: ParallelGCFailedAllocation done
Event: 6266.089 Executing VM operation: ParallelGCFailedAllocation
Event: 6266.091 Executing VM operation: ParallelGCFailedAllocation done

Events (20 events):
Event: 6210.232 Thread 0x000002be7f9693b0 flushing nmethod 0x000002be6ac54a10
Event: 6210.232 Thread 0x000002be7f9693b0 flushing nmethod 0x000002be6ac54e10
Event: 6210.232 Thread 0x000002be7f9693b0 flushing nmethod 0x000002be6ac5e490
Event: 6210.543 Thread 0x000002be0256e580 Thread added: 0x000002be0256e580
Event: 6210.717 Thread 0x000002be0256ea90 Thread added: 0x000002be0256ea90
Event: 6210.978 Thread 0x000002be0256efa0 Thread added: 0x000002be0256efa0
Event: 6221.153 Thread 0x000002be7f9693b0 flushing nmethod 0x000002be69665090
Event: 6221.157 Thread 0x000002be7f9693b0 flushing nmethod 0x000002be69b16090
Event: 6221.160 Thread 0x000002be7f9693b0 flushing nmethod 0x000002be69e68710
Event: 6221.161 Thread 0x000002be7f9693b0 flushing nmethod 0x000002be69fc0a10
Event: 6221.168 Thread 0x000002be7f9693b0 flushing nmethod 0x000002be6a0ee790
Event: 6221.169 Thread 0x000002be7f9693b0 flushing nmethod 0x000002be6a224890
Event: 6221.169 Thread 0x000002be7f9693b0 flushing nmethod 0x000002be6a228e10
Event: 6221.170 Thread 0x000002be7f9693b0 flushing nmethod 0x000002be6a331590
Event: 6221.170 Thread 0x000002be7f9693b0 flushing nmethod 0x000002be6a3db190
Event: 6221.171 Thread 0x000002be7f9693b0 flushing nmethod 0x000002be6a42cf10
Event: 6221.174 Thread 0x000002be7f9693b0 flushing nmethod 0x000002be6a743110
Event: 6221.187 Thread 0x000002be7f9693b0 flushing nmethod 0x000002be6ac61c90
Event: 6221.187 Thread 0x000002be7f9693b0 flushing nmethod 0x000002be6acdd510
Event: 6221.364 Thread 0x000002be0256f9c0 Thread added: 0x000002be0256f9c0


Dynamic libraries:
0x00007ff69c5b0000 - 0x00007ff69c5be000 	c:\Users\admin\.vscode\extensions\redhat.java-1.34.0-win32-x64\jre\17.0.12-win32-x86_64\bin\java.exe
0x00007ffcd47b0000 - 0x00007ffcd49c7000 	C:\Windows\SYSTEM32\ntdll.dll
0x00007ffcd3790000 - 0x00007ffcd3854000 	C:\Windows\System32\KERNEL32.DLL
0x00007ffcd1d50000 - 0x00007ffcd20fd000 	C:\Windows\System32\KERNELBASE.dll
0x00007ffcd1c30000 - 0x00007ffcd1d41000 	C:\Windows\System32\ucrtbase.dll
0x00007ffc59670000 - 0x00007ffc5968b000 	c:\Users\admin\.vscode\extensions\redhat.java-1.34.0-win32-x64\jre\17.0.12-win32-x86_64\bin\VCRUNTIME140.dll
0x00007ffc5b8c0000 - 0x00007ffc5b8d7000 	c:\Users\admin\.vscode\extensions\redhat.java-1.34.0-win32-x64\jre\17.0.12-win32-x86_64\bin\jli.dll
0x00007ffcd3580000 - 0x00007ffcd372e000 	C:\Windows\System32\USER32.dll
0x00007ffcadf90000 - 0x00007ffcae223000 	C:\Windows\WinSxS\amd64_microsoft.windows.common-controls_6595b64144ccf1df_6.0.22621.3672_none_2713b9d173822955\COMCTL32.dll
0x00007ffcd1c00000 - 0x00007ffcd1c26000 	C:\Windows\System32\win32u.dll
0x00007ffcd3120000 - 0x00007ffcd31c7000 	C:\Windows\System32\msvcrt.dll
0x00007ffcd2590000 - 0x00007ffcd25b9000 	C:\Windows\System32\GDI32.dll
0x00007ffcd21a0000 - 0x00007ffcd22b9000 	C:\Windows\System32\gdi32full.dll
0x00007ffcd2100000 - 0x00007ffcd219a000 	C:\Windows\System32\msvcp_win.dll
0x00007ffcd2650000 - 0x00007ffcd2681000 	C:\Windows\System32\IMM32.DLL
0x00007ffc812d0000 - 0x00007ffc812dc000 	c:\Users\admin\.vscode\extensions\redhat.java-1.34.0-win32-x64\jre\17.0.12-win32-x86_64\bin\vcruntime140_1.dll
0x00007ffc216b0000 - 0x00007ffc2173d000 	c:\Users\admin\.vscode\extensions\redhat.java-1.34.0-win32-x64\jre\17.0.12-win32-x86_64\bin\msvcp140.dll
0x00007ffbf8e00000 - 0x00007ffbf9a6a000 	c:\Users\admin\.vscode\extensions\redhat.java-1.34.0-win32-x64\jre\17.0.12-win32-x86_64\bin\server\jvm.dll
0x00007ffcd3fd0000 - 0x00007ffcd4082000 	C:\Windows\System32\ADVAPI32.dll
0x00007ffcd2690000 - 0x00007ffcd2739000 	C:\Windows\System32\sechost.dll
0x00007ffcd2430000 - 0x00007ffcd2458000 	C:\Windows\System32\bcrypt.dll
0x00007ffcd2790000 - 0x00007ffcd28a4000 	C:\Windows\System32\RPCRT4.dll
0x00007ffcd4670000 - 0x00007ffcd46e1000 	C:\Windows\System32\WS2_32.dll
0x00007ffcd0940000 - 0x00007ffcd098d000 	C:\Windows\SYSTEM32\POWRPROF.dll
0x00007ffcc96a0000 - 0x00007ffcc96d4000 	C:\Windows\SYSTEM32\WINMM.dll
0x00007ffcc9260000 - 0x00007ffcc926a000 	C:\Windows\SYSTEM32\VERSION.dll
0x00007ffcd0920000 - 0x00007ffcd0933000 	C:\Windows\SYSTEM32\UMPDC.dll
0x00007ffcd0be0000 - 0x00007ffcd0bf8000 	C:\Windows\SYSTEM32\kernel.appcore.dll
0x00007ffc7ea30000 - 0x00007ffc7ea3a000 	c:\Users\admin\.vscode\extensions\redhat.java-1.34.0-win32-x64\jre\17.0.12-win32-x86_64\bin\jimage.dll
0x00007ffccf3f0000 - 0x00007ffccf622000 	C:\Windows\SYSTEM32\DBGHELP.DLL
0x00007ffcd3c40000 - 0x00007ffcd3fce000 	C:\Windows\System32\combase.dll
0x00007ffcd3490000 - 0x00007ffcd3567000 	C:\Windows\System32\OLEAUT32.dll
0x00007ffc9b440000 - 0x00007ffc9b472000 	C:\Windows\SYSTEM32\dbgcore.DLL
0x00007ffcd2460000 - 0x00007ffcd24db000 	C:\Windows\System32\bcryptPrimitives.dll
0x00007ffc6f050000 - 0x00007ffc6f05e000 	c:\Users\admin\.vscode\extensions\redhat.java-1.34.0-win32-x64\jre\17.0.12-win32-x86_64\bin\instrument.dll
0x00007ffc37880000 - 0x00007ffc378a5000 	c:\Users\admin\.vscode\extensions\redhat.java-1.34.0-win32-x64\jre\17.0.12-win32-x86_64\bin\java.dll
0x00007ffc52190000 - 0x00007ffc521a8000 	c:\Users\admin\.vscode\extensions\redhat.java-1.34.0-win32-x64\jre\17.0.12-win32-x86_64\bin\zip.dll
0x00007ffcd28b0000 - 0x00007ffcd3117000 	C:\Windows\System32\SHELL32.dll
0x00007ffccfa10000 - 0x00007ffcd030f000 	C:\Windows\SYSTEM32\windows.storage.dll
0x00007ffccf8d0000 - 0x00007ffccfa0f000 	C:\Windows\SYSTEM32\wintypes.dll
0x00007ffcd3870000 - 0x00007ffcd3969000 	C:\Windows\System32\SHCORE.dll
0x00007ffcd3be0000 - 0x00007ffcd3c3e000 	C:\Windows\System32\shlwapi.dll
0x00007ffcd1a00000 - 0x00007ffcd1a27000 	C:\Windows\SYSTEM32\profapi.dll
0x00007ffc3aca0000 - 0x00007ffc3acb9000 	C:\Users\admin\.vscode\extensions\redhat.java-1.34.0-win32-x64\jre\17.0.12-win32-x86_64\bin\net.dll
0x00007ffccab90000 - 0x00007ffccacc6000 	C:\Windows\SYSTEM32\WINHTTP.dll
0x00007ffcd1040000 - 0x00007ffcd10a9000 	C:\Windows\system32\mswsock.dll
0x00007ffc3aa50000 - 0x00007ffc3aa66000 	C:\Users\admin\.vscode\extensions\redhat.java-1.34.0-win32-x64\jre\17.0.12-win32-x86_64\bin\nio.dll
0x00007ffc6b330000 - 0x00007ffc6b340000 	c:\Users\admin\.vscode\extensions\redhat.java-1.34.0-win32-x64\jre\17.0.12-win32-x86_64\bin\verify.dll
0x00007ffc2b1a0000 - 0x00007ffc2b1e5000 	C:\Users\admin\AppData\Roaming\Code\User\globalStorage\redhat.java\1.34.0\config_win\org.eclipse.equinox.launcher\org.eclipse.equinox.launcher.win32.win32.x86_64_1.2.1100.v20240722-2106\eclipse_11904.dll
0x00007ffcd39d0000 - 0x00007ffcd3b75000 	C:\Windows\System32\ole32.dll
0x00007ffc67510000 - 0x00007ffc67519000 	C:\Users\admin\.vscode\extensions\redhat.java-1.34.0-win32-x64\jre\17.0.12-win32-x86_64\bin\management.dll
0x00007ffc64b90000 - 0x00007ffc64b9b000 	C:\Users\admin\.vscode\extensions\redhat.java-1.34.0-win32-x64\jre\17.0.12-win32-x86_64\bin\management_ext.dll
0x00007ffcd3570000 - 0x00007ffcd3578000 	C:\Windows\System32\PSAPI.DLL
0x00007ffcd12b0000 - 0x00007ffcd12cb000 	C:\Windows\SYSTEM32\CRYPTSP.dll
0x00007ffcd0b30000 - 0x00007ffcd0b65000 	C:\Windows\system32\rsaenh.dll
0x00007ffcd1150000 - 0x00007ffcd1178000 	C:\Windows\SYSTEM32\USERENV.dll
0x00007ffcd12d0000 - 0x00007ffcd12dc000 	C:\Windows\SYSTEM32\CRYPTBASE.dll
0x00007ffcd05e0000 - 0x00007ffcd060d000 	C:\Windows\SYSTEM32\IPHLPAPI.DLL
0x00007ffcd3860000 - 0x00007ffcd3869000 	C:\Windows\System32\NSI.dll
0x00007ffcca0e0000 - 0x00007ffcca0f9000 	C:\Windows\SYSTEM32\dhcpcsvc6.DLL
0x00007ffcca0c0000 - 0x00007ffcca0df000 	C:\Windows\SYSTEM32\dhcpcsvc.DLL
0x00007ffcd0610000 - 0x00007ffcd0708000 	C:\Windows\SYSTEM32\DNSAPI.dll
0x00007ffc22510000 - 0x00007ffc22555000 	C:\Users\admin\AppData\Local\Temp\jna-92668751\jna1551238083434226141.dll
0x00007ffc59660000 - 0x00007ffc5966e000 	C:\Users\admin\.vscode\extensions\redhat.java-1.34.0-win32-x64\jre\17.0.12-win32-x86_64\bin\sunmscapi.dll
0x00007ffcd22c0000 - 0x00007ffcd2426000 	C:\Windows\System32\CRYPT32.dll
0x00007ffcd1470000 - 0x00007ffcd149e000 	C:\Windows\SYSTEM32\ncrypt.dll
0x00007ffcd1430000 - 0x00007ffcd1467000 	C:\Windows\SYSTEM32\NTASN1.dll
0x00007ffccb100000 - 0x00007ffccb10a000 	C:\Windows\System32\rasadhlp.dll
0x00007ffcc8cc0000 - 0x00007ffcc8d43000 	C:\Windows\System32\fwpuclnt.dll
0x00007ffc82dc0000 - 0x00007ffc82dc9000 	C:\Users\admin\.vscode\extensions\redhat.java-1.34.0-win32-x64\jre\17.0.12-win32-x86_64\bin\extnet.dll

dbghelp: loaded successfully - version: 4.0.5 - missing functions: none
symbol engine: initialized successfully - sym options: 0x614 - pdb path: .;c:\Users\admin\.vscode\extensions\redhat.java-1.34.0-win32-x64\jre\17.0.12-win32-x86_64\bin;C:\Windows\SYSTEM32;C:\Windows\WinSxS\amd64_microsoft.windows.common-controls_6595b64144ccf1df_6.0.22621.3672_none_2713b9d173822955;c:\Users\admin\.vscode\extensions\redhat.java-1.34.0-win32-x64\jre\17.0.12-win32-x86_64\bin\server;C:\Users\admin\AppData\Roaming\Code\User\globalStorage\redhat.java\1.34.0\config_win\org.eclipse.equinox.launcher\org.eclipse.equinox.launcher.win32.win32.x86_64_1.2.1100.v20240722-2106;C:\Users\admin\AppData\Local\Temp\jna-92668751

VM Arguments:
jvm_args: --add-modules=ALL-SYSTEM --add-opens=java.base/java.util=ALL-UNNAMED --add-opens=java.base/java.lang=ALL-UNNAMED --add-opens=java.base/sun.nio.fs=ALL-UNNAMED -Declipse.application=org.eclipse.jdt.ls.core.id1 -Dosgi.bundles.defaultStartLevel=4 -Declipse.product=org.eclipse.jdt.ls.core.product -Djava.import.generatesMetadataFilesAtProjectRoot=false -DDetectVMInstallationsJob.disabled=true -Dfile.encoding=utf8 -XX:+UseParallelGC -XX:GCTimeRatio=4 -XX:AdaptiveSizePolicyWeight=90 -Dsun.zip.disableMemoryMapping=true -Xmx1G -Xms100m -Xlog:disable -javaagent:c:\Users\admin\.vscode\extensions\redhat.java-1.34.0-win32-x64\lombok\lombok-1.18.33.jar -XX:+HeapDumpOnOutOfMemoryError -XX:HeapDumpPath=c:\Users\admin\AppData\Roaming\Code\User\workspaceStorage\8b1a89710445be1da1d3efafaa3dbf30\redhat.java -Daether.dependencyCollector.impl=bf 
java_command: c:\Users\admin\.vscode\extensions\redhat.java-1.34.0-win32-x64\server\plugins\org.eclipse.equinox.launcher_1.6.900.v20240613-2009.jar -configuration c:\Users\admin\AppData\Roaming\Code\User\globalStorage\redhat.java\1.34.0\config_win -data c:\Users\admin\AppData\Roaming\Code\User\workspaceStorage\8b1a89710445be1da1d3efafaa3dbf30\redhat.java\jdt_ws --pipe=\\.\pipe\lsp-8734e94be525882da248c44ea67dc430-sock
java_class_path (initial): c:\Users\admin\.vscode\extensions\redhat.java-1.34.0-win32-x64\server\plugins\org.eclipse.equinox.launcher_1.6.900.v20240613-2009.jar
Launcher Type: SUN_STANDARD

[Global flags]
    uintx AdaptiveSizePolicyWeight                 = 90                                        {product} {command line}
     intx CICompilerCount                          = 4                                         {product} {ergonomic}
    uintx GCTimeRatio                              = 4                                         {product} {command line}
     bool HeapDumpOnOutOfMemoryError               = true                                   {manageable} {command line}
    ccstr HeapDumpPath                             = c:\Users\admin\AppData\Roaming\Code\User\workspaceStorage\8b1a89710445be1da1d3efafaa3dbf30\redhat.java         {manageable} {command line}
   size_t InitialHeapSize                          = 104857600                                 {product} {command line}
   size_t MaxHeapSize                              = 1073741824                                {product} {command line}
   size_t MaxNewSize                               = 357564416                                 {product} {ergonomic}
   size_t MinHeapDeltaBytes                        = 524288                                    {product} {ergonomic}
   size_t MinHeapSize                              = 104857600                                 {product} {command line}
   size_t NewSize                                  = 34603008                                  {product} {ergonomic}
    uintx NonNMethodCodeHeapSize                   = 5839372                                {pd product} {ergonomic}
    uintx NonProfiledCodeHeapSize                  = 122909434                              {pd product} {ergonomic}
   size_t OldSize                                  = 70254592                                  {product} {ergonomic}
    uintx ProfiledCodeHeapSize                     = 122909434                              {pd product} {ergonomic}
    uintx ReservedCodeCacheSize                    = 251658240                              {pd product} {ergonomic}
     bool SegmentedCodeCache                       = true                                      {product} {ergonomic}
   size_t SoftMaxHeapSize                          = 1073741824                             {manageable} {ergonomic}
     bool UseCompressedClassPointers               = true                           {product lp64_product} {ergonomic}
     bool UseCompressedOops                        = true                           {product lp64_product} {ergonomic}
     bool UseLargePagesIndividualAllocation        = false                                  {pd product} {ergonomic}
     bool UseParallelGC                            = true                                      {product} {command line}

Logging:
Log output configuration:
 #0: stdout all=off uptime,level,tags
 #1: stderr all=off uptime,level,tags

Environment Variables:
JAVA_HOME=C:\Program Files\Java\jdk-19
PATH=C:\app\admin\product\21c\dbhomeXE\bin;C:\Program Files\Common Files\Oracle\Java\javapath;C:\Windows\system32;C:\Windows;C:\Windows\System32\Wbem;C:\Windows\System32\WindowsPowerShell\v1.0\;C:\Windows\System32\OpenSSH\;C:\Program Files\Java\jdk-19;C:\Program Files\Java\jdk-19\bin;E:\Rational Rose\common;C:\Program Files\dotnet\;C:\Program Files (x86)\Microsoft SQL Server\150\DTS\Binn\;C:\Program Files\Azure Data Studio\bin;C:\Program Files\Microsoft SQL Server\Client SDK\ODBC\170\Tools\Binn\;C:\Program Files (x86)\Microsoft SQL Server\150\Tools\Binn\;C:\Program Files\Microsoft SQL Server\150\Tools\Binn\;C:\Program Files\Microsoft SQL Server\150\DTS\Binn\;C:\Program Files\nodejs\;C:\Program Files\nodejs;C:\Program Files\Git\cmd;D:\Laragon\bin\php;D:\Laragon\bin\php\php-8.1.10-Win32-vs16-x64;C:\Program Files\apache-maven-3.9.8\bin;C:\Users\admin\AppData\Local\Android\Sdk\platform-tools;C:\Users\admin\AppData\Local\Android\Sdk\cmdline-tools;C:\Users\admin\AppData\Local\Android\Sdk\cmdline-tools\bin;C:\Program Files\Cloudflare\Cloudflare WARP\;C:\Program Files\Docker\Docker\resources\bin;C:\Users\admin\AppData\Local\Programs\Python\Python311\Scripts\;C:\Users\admin\AppData\Local\Programs\Python\Python311\;C:\Users\admin\AppData\Local\Microsoft\WindowsApps;C:\Users\admin\.dotnet\tools;D:\Visual Studio Code\Microsoft VS Code\bin;C:\Program Files\Azure Data Studio\bin;D:\Intellij IDEA\IntelliJ IDEA 2024.1.4\bin;;C:\Users\admin\AppData\Roaming\npm
USERNAME=admin
OS=Windows_NT
PROCESSOR_IDENTIFIER=Intel64 Family 6 Model 140 Stepping 1, GenuineIntel
TMP=C:\Users\admin\AppData\Local\Temp
TEMP=C:\Users\admin\AppData\Local\Temp



Periodic native trim disabled


---------------  S Y S T E M  ---------------

OS:
 Windows 11 , 64 bit Build 22621 (10.0.22621.3958)
OS uptime: 0 days 4:30 hours
Hyper-V role detected

CPU: total 8 (initial active 8) (4 cores per cpu, 2 threads per core) family 6 model 140 stepping 1 microcode 0xb6, cx8, cmov, fxsr, ht, mmx, 3dnowpref, sse, sse2, sse3, ssse3, sse4.1, sse4.2, popcnt, lzcnt, tsc, tscinvbit, avx, avx2, aes, erms, clmul, bmi1, bmi2, adx, avx512f, avx512dq, avx512cd, avx512bw, avx512vl, sha, fma, vzeroupper, avx512_vpopcntdq, avx512_vpclmulqdq, avx512_vaes, avx512_vnni, clflush, clflushopt, clwb, avx512_vbmi2, avx512_vbmi, hv
Processor Information for all 8 processors :
  Max Mhz: 2419, Current Mhz: 2419, Mhz Limit: 2419

Memory: 4k page, system-wide physical 7859M (88M free)
TotalPageFile size 20147M (AvailPageFile size 0M)
current process WorkingSet (physical memory assigned to process): 224M, peak: 521M
current process commit charge ("private bytes"): 382M, peak: 603M

vm_info: OpenJDK 64-Bit Server VM (17.0.12+7) for windows-amd64 JRE (17.0.12+7), built on Jul 16 2024 22:08:24 by "admin" with MS VC++ 16.10 / 16.11 (VS2019)

END.
